#! /usr/bin/vvp
:ivl_version "11.0 (stable)";
:ivl_delay_selection "TYPICAL";
:vpi_time_precision - 12;
:vpi_module "/usr/lib/x86_64-linux-gnu/ivl/system.vpi";
:vpi_module "/usr/lib/x86_64-linux-gnu/ivl/vhdl_sys.vpi";
:vpi_module "/usr/lib/x86_64-linux-gnu/ivl/vhdl_textio.vpi";
:vpi_module "/usr/lib/x86_64-linux-gnu/ivl/v2005_math.vpi";
:vpi_module "/usr/lib/x86_64-linux-gnu/ivl/va_math.vpi";
S_0x6092d1fbc110 .scope module, "new_top_tb" "new_top_tb" 2 3;
 .timescale -9 -12;
v0x6092d202f8d0_0 .var "btn", 1 0;
v0x6092d202f9b0_0 .net "led", 3 0, L_0x6092d2030210;  1 drivers
v0x6092d202fa50_0 .net "led4_b", 0 0, v0x6092d202ea70_0;  1 drivers
v0x6092d202faf0_0 .net "led4_g", 0 0, v0x6092d202eb30_0;  1 drivers
v0x6092d202fbc0_0 .net "led4_r", 0 0, v0x6092d202ebf0_0;  1 drivers
v0x6092d202fc60_0 .net "led5_b", 0 0, v0x6092d202ecb0_0;  1 drivers
v0x6092d202fd30_0 .net "led5_g", 0 0, v0x6092d202ed70_0;  1 drivers
v0x6092d202fe00_0 .net "led5_r", 0 0, v0x6092d202ee30_0;  1 drivers
v0x6092d202fed0_0 .var "rst", 0 0;
v0x6092d202ffa0_0 .var "sw", 1 0;
v0x6092d2030070_0 .var "sysclk", 0 0;
S_0x6092d1ffadc0 .scope task, "press_bit" "press_bit" 2 34, 2 34 0, S_0x6092d1fbc110;
 .timescale -9 -12;
v0x6092d1fcc940_0 .var "bit_value", 0 0;
TD_new_top_tb.press_bit ;
    %load/vec4 v0x6092d1fcc940_0;
    %ix/load 4, 0, 0;
    %flag_set/imm 4, 0;
    %store/vec4 v0x6092d202ffa0_0, 4, 1;
    %pushi/vec4 0, 0, 1;
    %ix/load 4, 1, 0;
    %flag_set/imm 4, 0;
    %store/vec4 v0x6092d202ffa0_0, 4, 1;
    %delay 50000, 0;
    %pushi/vec4 1, 0, 1;
    %ix/load 4, 1, 0;
    %flag_set/imm 4, 0;
    %store/vec4 v0x6092d202ffa0_0, 4, 1;
    %delay 50000, 0;
    %pushi/vec4 0, 0, 1;
    %ix/load 4, 1, 0;
    %flag_set/imm 4, 0;
    %store/vec4 v0x6092d202ffa0_0, 4, 1;
    %delay 50000, 0;
    %vpi_call 2 42 "$display", "RGB4: %d%d%d", v0x6092d202fbc0_0, v0x6092d202faf0_0, v0x6092d202fa50_0 {0 0 0};
    %end;
S_0x6092d202dfd0 .scope module, "uut" "new_top" 2 17, 3 4 0, S_0x6092d1fbc110;
 .timescale -9 -12;
    .port_info 0 /INPUT 1 "sysclk";
    .port_info 1 /INPUT 2 "btn";
    .port_info 2 /INPUT 2 "sw";
    .port_info 3 /INPUT 1 "rst";
    .port_info 4 /OUTPUT 4 "led";
    .port_info 5 /OUTPUT 1 "led4_b";
    .port_info 6 /OUTPUT 1 "led4_g";
    .port_info 7 /OUTPUT 1 "led4_r";
    .port_info 8 /OUTPUT 1 "led5_b";
    .port_info 9 /OUTPUT 1 "led5_g";
    .port_info 10 /OUTPUT 1 "led5_r";
P_0x6092d202e1d0 .param/l "CHECK_BIT" 0 3 19, C4<011>;
P_0x6092d202e210 .param/l "CHECK_SOFT_RESET" 0 3 20, C4<100>;
P_0x6092d202e250 .param/l "GUESS_BIT" 0 3 18, C4<010>;
P_0x6092d202e290 .param/l "SET_SECRET" 0 3 17, C4<001>;
P_0x6092d202e2d0 .param/l "START" 0 3 16, C4<000>;
P_0x6092d202e310 .param/l "UNLOCKED" 0 3 21, C4<101>;
L_0x6092d2030210 .functor BUFZ 4, v0x6092d202eef0_0, C4<0000>, C4<0000>, C4<0000>;
L_0x74ffa866f018 .functor BUFT 1, C4<0111>, C4<0>, C4<0>, C4<0>;
v0x6092d1fcc7c0_0 .net/2u *"_ivl_0", 3 0, L_0x74ffa866f018;  1 drivers
v0x6092d1ffc860_0 .net "btn", 1 0, v0x6092d202f8d0_0;  1 drivers
v0x6092d202e6c0_0 .var "counter", 26 0;
v0x6092d202e780_0 .var "guessSequence", 7 0;
v0x6092d202e860_0 .net "index", 3 0, L_0x6092d2030170;  1 drivers
v0x6092d202e990_0 .net "led", 3 0, L_0x6092d2030210;  alias, 1 drivers
v0x6092d202ea70_0 .var "led4_b", 0 0;
v0x6092d202eb30_0 .var "led4_g", 0 0;
v0x6092d202ebf0_0 .var "led4_r", 0 0;
v0x6092d202ecb0_0 .var "led5_b", 0 0;
v0x6092d202ed70_0 .var "led5_g", 0 0;
v0x6092d202ee30_0 .var "led5_r", 0 0;
v0x6092d202eef0_0 .var "led_counter", 3 0;
v0x6092d202efd0_0 .var "one_second", 26 0;
v0x6092d202f0b0_0 .var "red_blink", 0 0;
v0x6092d202f170_0 .net "rst", 0 0, v0x6092d202fed0_0;  1 drivers
v0x6092d202f230_0 .var "secretSequence", 7 0;
v0x6092d202f310_0 .var "state", 2 0;
v0x6092d202f3f0_0 .net "sw", 1 0, v0x6092d202ffa0_0;  1 drivers
v0x6092d202f4d0_0 .var "sw1_sync_0", 0 0;
v0x6092d202f590_0 .var "sw1_sync_1", 0 0;
v0x6092d202f650_0 .net "sysclk", 0 0, v0x6092d2030070_0;  1 drivers
E_0x6092d1fcd350 .event posedge, v0x6092d202f650_0;
L_0x6092d2030170 .arith/sub 4, L_0x74ffa866f018, v0x6092d202eef0_0;
    .scope S_0x6092d202dfd0;
T_1 ;
    %pushi/vec4 0, 0, 1;
    %store/vec4 v0x6092d202f4d0_0, 0, 1;
    %pushi/vec4 0, 0, 1;
    %store/vec4 v0x6092d202f590_0, 0, 1;
    %pushi/vec4 0, 0, 4;
    %store/vec4 v0x6092d202eef0_0, 0, 4;
    %pushi/vec4 0, 0, 3;
    %store/vec4 v0x6092d202f310_0, 0, 3;
    %end;
    .thread T_1;
    .scope S_0x6092d202dfd0;
T_2 ;
    %wait E_0x6092d1fcd350;
    %load/vec4 v0x6092d202f170_0;
    %nor/r;
    %flag_set/vec4 8;
    %jmp/0xz  T_2.0, 8;
    %pushi/vec4 0, 0, 3;
    %store/vec4 v0x6092d202f310_0, 0, 3;
T_2.0 ;
    %load/vec4 v0x6092d202f3f0_0;
    %parti/s 1, 1, 2;
    %assign/vec4 v0x6092d202f4d0_0, 0;
    %load/vec4 v0x6092d202f4d0_0;
    %assign/vec4 v0x6092d202f590_0, 0;
    %load/vec4 v0x6092d202f310_0;
    %dup/vec4;
    %pushi/vec4 0, 0, 3;
    %cmp/u;
    %jmp/1 T_2.2, 6;
    %dup/vec4;
    %pushi/vec4 1, 0, 3;
    %cmp/u;
    %jmp/1 T_2.3, 6;
    %dup/vec4;
    %pushi/vec4 2, 0, 3;
    %cmp/u;
    %jmp/1 T_2.4, 6;
    %dup/vec4;
    %pushi/vec4 3, 0, 3;
    %cmp/u;
    %jmp/1 T_2.5, 6;
    %dup/vec4;
    %pushi/vec4 4, 0, 3;
    %cmp/u;
    %jmp/1 T_2.6, 6;
    %dup/vec4;
    %pushi/vec4 5, 0, 3;
    %cmp/u;
    %jmp/1 T_2.7, 6;
    %jmp T_2.8;
T_2.2 ;
    %pushi/vec4 0, 0, 8;
    %assign/vec4 v0x6092d202f230_0, 0;
    %pushi/vec4 0, 0, 4;
    %assign/vec4 v0x6092d202eef0_0, 0;
    %pushi/vec4 0, 0, 8;
    %assign/vec4 v0x6092d202e780_0, 0;
    %pushi/vec4 0, 0, 27;
    %assign/vec4 v0x6092d202e6c0_0, 0;
    %pushi/vec4 2, 0, 27;
    %assign/vec4 v0x6092d202efd0_0, 0;
    %pushi/vec4 0, 0, 1;
    %assign/vec4 v0x6092d202f0b0_0, 0;
    %pushi/vec4 0, 0, 1;
    %assign/vec4 v0x6092d202ebf0_0, 0;
    %pushi/vec4 0, 0, 1;
    %assign/vec4 v0x6092d202ee30_0, 0;
    %pushi/vec4 0, 0, 1;
    %assign/vec4 v0x6092d202eb30_0, 0;
    %pushi/vec4 0, 0, 1;
    %assign/vec4 v0x6092d202ed70_0, 0;
    %pushi/vec4 0, 0, 1;
    %assign/vec4 v0x6092d202ea70_0, 0;
    %pushi/vec4 0, 0, 1;
    %assign/vec4 v0x6092d202ecb0_0, 0;
    %load/vec4 v0x6092d1ffc860_0;
    %cmpi/e 3, 0, 2;
    %jmp/0xz  T_2.9, 4;
    %pushi/vec4 1, 0, 3;
    %assign/vec4 v0x6092d202f310_0, 0;
T_2.9 ;
    %jmp T_2.8;
T_2.3 ;
    %pushi/vec4 1, 0, 1;
    %assign/vec4 v0x6092d202ea70_0, 0;
    %pushi/vec4 1, 0, 1;
    %assign/vec4 v0x6092d202ecb0_0, 0;
    %load/vec4 v0x6092d202f590_0;
    %load/vec4 v0x6092d202f4d0_0;
    %inv;
    %and;
    %flag_set/vec4 8;
    %jmp/0xz  T_2.11, 8;
    %load/vec4 v0x6092d202f3f0_0;
    %parti/s 1, 0, 2;
    %ix/load 5, 0, 0;
    %ix/getv 4, v0x6092d202e860_0;
    %assign/vec4/off/d v0x6092d202f230_0, 4, 5;
    %load/vec4 v0x6092d202eef0_0;
    %pad/u 32;
    %cmpi/e 7, 0, 32;
    %jmp/0xz  T_2.13, 4;
    %pushi/vec4 0, 0, 4;
    %assign/vec4 v0x6092d202eef0_0, 0;
    %pushi/vec4 2, 0, 3;
    %assign/vec4 v0x6092d202f310_0, 0;
    %jmp T_2.14;
T_2.13 ;
    %load/vec4 v0x6092d202eef0_0;
    %addi 1, 0, 4;
    %assign/vec4 v0x6092d202eef0_0, 0;
T_2.14 ;
T_2.11 ;
    %jmp T_2.8;
T_2.4 ;
    %pushi/vec4 0, 0, 1;
    %assign/vec4 v0x6092d202ea70_0, 0;
    %pushi/vec4 0, 0, 1;
    %assign/vec4 v0x6092d202ecb0_0, 0;
    %load/vec4 v0x6092d202f590_0;
    %load/vec4 v0x6092d202f4d0_0;
    %inv;
    %and;
    %flag_set/vec4 8;
    %jmp/0xz  T_2.15, 8;
    %load/vec4 v0x6092d202f3f0_0;
    %parti/s 1, 0, 2;
    %ix/load 5, 0, 0;
    %ix/getv 4, v0x6092d202e860_0;
    %assign/vec4/off/d v0x6092d202e780_0, 4, 5;
    %pushi/vec4 3, 0, 3;
    %assign/vec4 v0x6092d202f310_0, 0;
T_2.15 ;
    %jmp T_2.8;
T_2.5 ;
    %load/vec4 v0x6092d202e780_0;
    %load/vec4 v0x6092d202e860_0;
    %part/u 1;
    %load/vec4 v0x6092d202f230_0;
    %load/vec4 v0x6092d202e860_0;
    %part/u 1;
    %cmp/e;
    %jmp/0xz  T_2.17, 4;
    %load/vec4 v0x6092d202eef0_0;
    %pad/u 32;
    %cmpi/e 7, 0, 32;
    %jmp/0xz  T_2.19, 4;
    %pushi/vec4 5, 0, 3;
    %assign/vec4 v0x6092d202f310_0, 0;
    %jmp T_2.20;
T_2.19 ;
    %pushi/vec4 2, 0, 3;
    %assign/vec4 v0x6092d202f310_0, 0;
T_2.20 ;
    %load/vec4 v0x6092d202eef0_0;
    %addi 1, 0, 4;
    %assign/vec4 v0x6092d202eef0_0, 0;
    %jmp T_2.18;
T_2.17 ;
    %load/vec4 v0x6092d202f0b0_0;
    %assign/vec4 v0x6092d202ebf0_0, 0;
    %load/vec4 v0x6092d202f0b0_0;
    %assign/vec4 v0x6092d202ee30_0, 0;
    %load/vec4 v0x6092d202e6c0_0;
    %load/vec4 v0x6092d202efd0_0;
    %cmp/u;
    %jmp/0xz  T_2.21, 5;
    %load/vec4 v0x6092d202e6c0_0;
    %addi 1, 0, 27;
    %assign/vec4 v0x6092d202e6c0_0, 0;
    %load/vec4 v0x6092d202e6c0_0;
    %pad/u 32;
    %pushi/vec4 31250000, 0, 32;
    %mod;
    %cmpi/ne 0, 0, 32;
    %jmp/0xz  T_2.23, 4;
    %load/vec4 v0x6092d202f0b0_0;
    %nor/r;
    %assign/vec4 v0x6092d202f0b0_0, 0;
T_2.23 ;
    %jmp T_2.22;
T_2.21 ;
    %pushi/vec4 0, 0, 27;
    %assign/vec4 v0x6092d202e6c0_0, 0;
    %pushi/vec4 4, 0, 3;
    %assign/vec4 v0x6092d202f310_0, 0;
T_2.22 ;
T_2.18 ;
    %jmp T_2.8;
T_2.6 ;
    %load/vec4 v0x6092d202eef0_0;
    %dup/vec4;
    %pushi/vec4 0, 0, 4;
    %cmp/u;
    %jmp/1 T_2.25, 6;
    %dup/vec4;
    %pushi/vec4 1, 0, 4;
    %cmp/u;
    %jmp/1 T_2.26, 6;
    %dup/vec4;
    %pushi/vec4 2, 0, 4;
    %cmp/u;
    %jmp/1 T_2.27, 6;
    %dup/vec4;
    %pushi/vec4 3, 0, 4;
    %cmp/u;
    %jmp/1 T_2.28, 6;
    %dup/vec4;
    %pushi/vec4 4, 0, 4;
    %cmp/u;
    %jmp/1 T_2.29, 6;
    %dup/vec4;
    %pushi/vec4 5, 0, 4;
    %cmp/u;
    %jmp/1 T_2.30, 6;
    %dup/vec4;
    %pushi/vec4 6, 0, 4;
    %cmp/u;
    %jmp/1 T_2.31, 6;
    %dup/vec4;
    %pushi/vec4 7, 0, 4;
    %cmp/u;
    %jmp/1 T_2.32, 6;
    %jmp T_2.33;
T_2.25 ;
    %pushi/vec4 0, 0, 4;
    %assign/vec4 v0x6092d202eef0_0, 0;
    %pushi/vec4 0, 0, 8;
    %assign/vec4 v0x6092d202e780_0, 0;
    %jmp T_2.33;
T_2.26 ;
    %load/vec4 v0x6092d202f230_0;
    %parti/s 1, 7, 4;
    %load/vec4 v0x6092d202e780_0;
    %parti/s 1, 6, 4;
    %cmp/e;
    %jmp/0xz  T_2.34, 4;
    %pushi/vec4 1, 0, 4;
    %assign/vec4 v0x6092d202eef0_0, 0;
    %load/vec4 v0x6092d202f230_0;
    %parti/s 1, 7, 4;
    %ix/load 4, 7, 0;
    %ix/load 5, 0, 0;
    %flag_set/imm 4, 0;
    %assign/vec4/off/d v0x6092d202e780_0, 4, 5;
    %pushi/vec4 0, 0, 1;
    %ix/load 4, 6, 0;
    %ix/load 5, 0, 0;
    %flag_set/imm 4, 0;
    %assign/vec4/off/d v0x6092d202e780_0, 4, 5;
    %jmp T_2.35;
T_2.34 ;
    %pushi/vec4 0, 0, 4;
    %assign/vec4 v0x6092d202eef0_0, 0;
    %pushi/vec4 0, 0, 8;
    %assign/vec4 v0x6092d202e780_0, 0;
T_2.35 ;
    %jmp T_2.33;
T_2.27 ;
    %load/vec4 v0x6092d202f230_0;
    %parti/s 2, 6, 4;
    %load/vec4 v0x6092d202e780_0;
    %parti/s 2, 5, 4;
    %cmp/e;
    %jmp/0xz  T_2.36, 4;
    %pushi/vec4 2, 0, 4;
    %assign/vec4 v0x6092d202eef0_0, 0;
    %load/vec4 v0x6092d202f230_0;
    %parti/s 2, 6, 4;
    %ix/load 4, 6, 0;
    %ix/load 5, 0, 0;
    %flag_set/imm 4, 0;
    %assign/vec4/off/d v0x6092d202e780_0, 4, 5;
    %pushi/vec4 0, 0, 1;
    %ix/load 4, 5, 0;
    %ix/load 5, 0, 0;
    %flag_set/imm 4, 0;
    %assign/vec4/off/d v0x6092d202e780_0, 4, 5;
    %jmp T_2.37;
T_2.36 ;
    %load/vec4 v0x6092d202f230_0;
    %parti/s 1, 7, 4;
    %load/vec4 v0x6092d202e780_0;
    %parti/s 1, 5, 4;
    %cmp/e;
    %jmp/0xz  T_2.38, 4;
    %pushi/vec4 1, 0, 4;
    %assign/vec4 v0x6092d202eef0_0, 0;
    %load/vec4 v0x6092d202f230_0;
    %parti/s 1, 7, 4;
    %ix/load 4, 7, 0;
    %ix/load 5, 0, 0;
    %flag_set/imm 4, 0;
    %assign/vec4/off/d v0x6092d202e780_0, 4, 5;
    %pushi/vec4 0, 0, 2;
    %ix/load 4, 5, 0;
    %ix/load 5, 0, 0;
    %flag_set/imm 4, 0;
    %assign/vec4/off/d v0x6092d202e780_0, 4, 5;
    %jmp T_2.39;
T_2.38 ;
    %pushi/vec4 0, 0, 4;
    %assign/vec4 v0x6092d202eef0_0, 0;
    %pushi/vec4 0, 0, 8;
    %assign/vec4 v0x6092d202e780_0, 0;
T_2.39 ;
T_2.37 ;
    %jmp T_2.33;
T_2.28 ;
    %load/vec4 v0x6092d202f230_0;
    %parti/s 3, 5, 4;
    %load/vec4 v0x6092d202e780_0;
    %parti/s 3, 4, 4;
    %cmp/e;
    %jmp/0xz  T_2.40, 4;
    %pushi/vec4 3, 0, 4;
    %assign/vec4 v0x6092d202eef0_0, 0;
    %load/vec4 v0x6092d202f230_0;
    %parti/s 3, 5, 4;
    %ix/load 4, 5, 0;
    %ix/load 5, 0, 0;
    %flag_set/imm 4, 0;
    %assign/vec4/off/d v0x6092d202e780_0, 4, 5;
    %pushi/vec4 0, 0, 1;
    %ix/load 4, 4, 0;
    %ix/load 5, 0, 0;
    %flag_set/imm 4, 0;
    %assign/vec4/off/d v0x6092d202e780_0, 4, 5;
    %jmp T_2.41;
T_2.40 ;
    %load/vec4 v0x6092d202f230_0;
    %parti/s 2, 6, 4;
    %load/vec4 v0x6092d202e780_0;
    %parti/s 2, 4, 4;
    %cmp/e;
    %jmp/0xz  T_2.42, 4;
    %pushi/vec4 2, 0, 4;
    %assign/vec4 v0x6092d202eef0_0, 0;
    %load/vec4 v0x6092d202f230_0;
    %parti/s 2, 6, 4;
    %ix/load 4, 6, 0;
    %ix/load 5, 0, 0;
    %flag_set/imm 4, 0;
    %assign/vec4/off/d v0x6092d202e780_0, 4, 5;
    %pushi/vec4 0, 0, 2;
    %ix/load 4, 4, 0;
    %ix/load 5, 0, 0;
    %flag_set/imm 4, 0;
    %assign/vec4/off/d v0x6092d202e780_0, 4, 5;
    %jmp T_2.43;
T_2.42 ;
    %load/vec4 v0x6092d202f230_0;
    %parti/s 1, 7, 4;
    %load/vec4 v0x6092d202e780_0;
    %parti/s 1, 4, 4;
    %cmp/e;
    %jmp/0xz  T_2.44, 4;
    %pushi/vec4 1, 0, 4;
    %assign/vec4 v0x6092d202eef0_0, 0;
    %load/vec4 v0x6092d202f230_0;
    %parti/s 1, 7, 4;
    %ix/load 4, 7, 0;
    %ix/load 5, 0, 0;
    %flag_set/imm 4, 0;
    %assign/vec4/off/d v0x6092d202e780_0, 4, 5;
    %pushi/vec4 0, 0, 3;
    %ix/load 4, 4, 0;
    %ix/load 5, 0, 0;
    %flag_set/imm 4, 0;
    %assign/vec4/off/d v0x6092d202e780_0, 4, 5;
    %jmp T_2.45;
T_2.44 ;
    %pushi/vec4 0, 0, 4;
    %assign/vec4 v0x6092d202eef0_0, 0;
    %pushi/vec4 0, 0, 8;
    %assign/vec4 v0x6092d202e780_0, 0;
T_2.45 ;
T_2.43 ;
T_2.41 ;
    %jmp T_2.33;
T_2.29 ;
    %load/vec4 v0x6092d202f230_0;
    %parti/s 4, 4, 4;
    %load/vec4 v0x6092d202e780_0;
    %parti/s 4, 3, 3;
    %cmp/e;
    %jmp/0xz  T_2.46, 4;
    %pushi/vec4 4, 0, 4;
    %assign/vec4 v0x6092d202eef0_0, 0;
    %load/vec4 v0x6092d202f230_0;
    %parti/s 4, 4, 4;
    %ix/load 4, 4, 0;
    %ix/load 5, 0, 0;
    %flag_set/imm 4, 0;
    %assign/vec4/off/d v0x6092d202e780_0, 4, 5;
    %pushi/vec4 0, 0, 1;
    %ix/load 4, 3, 0;
    %ix/load 5, 0, 0;
    %flag_set/imm 4, 0;
    %assign/vec4/off/d v0x6092d202e780_0, 4, 5;
    %jmp T_2.47;
T_2.46 ;
    %load/vec4 v0x6092d202f230_0;
    %parti/s 3, 5, 4;
    %load/vec4 v0x6092d202e780_0;
    %parti/s 3, 3, 3;
    %cmp/e;
    %jmp/0xz  T_2.48, 4;
    %pushi/vec4 3, 0, 4;
    %assign/vec4 v0x6092d202eef0_0, 0;
    %load/vec4 v0x6092d202f230_0;
    %parti/s 3, 5, 4;
    %ix/load 4, 5, 0;
    %ix/load 5, 0, 0;
    %flag_set/imm 4, 0;
    %assign/vec4/off/d v0x6092d202e780_0, 4, 5;
    %pushi/vec4 0, 0, 2;
    %ix/load 4, 3, 0;
    %ix/load 5, 0, 0;
    %flag_set/imm 4, 0;
    %assign/vec4/off/d v0x6092d202e780_0, 4, 5;
    %jmp T_2.49;
T_2.48 ;
    %load/vec4 v0x6092d202f230_0;
    %parti/s 2, 6, 4;
    %load/vec4 v0x6092d202e780_0;
    %parti/s 2, 3, 3;
    %cmp/e;
    %jmp/0xz  T_2.50, 4;
    %pushi/vec4 2, 0, 4;
    %assign/vec4 v0x6092d202eef0_0, 0;
    %load/vec4 v0x6092d202f230_0;
    %parti/s 2, 6, 4;
    %ix/load 4, 6, 0;
    %ix/load 5, 0, 0;
    %flag_set/imm 4, 0;
    %assign/vec4/off/d v0x6092d202e780_0, 4, 5;
    %pushi/vec4 0, 0, 3;
    %ix/load 4, 3, 0;
    %ix/load 5, 0, 0;
    %flag_set/imm 4, 0;
    %assign/vec4/off/d v0x6092d202e780_0, 4, 5;
    %jmp T_2.51;
T_2.50 ;
    %load/vec4 v0x6092d202f230_0;
    %parti/s 1, 7, 4;
    %load/vec4 v0x6092d202e780_0;
    %parti/s 1, 3, 3;
    %cmp/e;
    %jmp/0xz  T_2.52, 4;
    %pushi/vec4 1, 0, 4;
    %assign/vec4 v0x6092d202eef0_0, 0;
    %load/vec4 v0x6092d202f230_0;
    %parti/s 1, 7, 4;
    %ix/load 4, 7, 0;
    %ix/load 5, 0, 0;
    %flag_set/imm 4, 0;
    %assign/vec4/off/d v0x6092d202e780_0, 4, 5;
    %pushi/vec4 0, 0, 4;
    %ix/load 4, 3, 0;
    %ix/load 5, 0, 0;
    %flag_set/imm 4, 0;
    %assign/vec4/off/d v0x6092d202e780_0, 4, 5;
    %jmp T_2.53;
T_2.52 ;
    %pushi/vec4 0, 0, 4;
    %assign/vec4 v0x6092d202eef0_0, 0;
    %pushi/vec4 0, 0, 8;
    %assign/vec4 v0x6092d202e780_0, 0;
T_2.53 ;
T_2.51 ;
T_2.49 ;
T_2.47 ;
    %jmp T_2.33;
T_2.30 ;
    %load/vec4 v0x6092d202f230_0;
    %parti/s 5, 3, 3;
    %load/vec4 v0x6092d202e780_0;
    %parti/s 5, 2, 3;
    %cmp/e;
    %jmp/0xz  T_2.54, 4;
    %pushi/vec4 5, 0, 4;
    %assign/vec4 v0x6092d202eef0_0, 0;
    %load/vec4 v0x6092d202f230_0;
    %parti/s 5, 3, 3;
    %ix/load 4, 3, 0;
    %ix/load 5, 0, 0;
    %flag_set/imm 4, 0;
    %assign/vec4/off/d v0x6092d202e780_0, 4, 5;
    %pushi/vec4 0, 0, 1;
    %ix/load 4, 2, 0;
    %ix/load 5, 0, 0;
    %flag_set/imm 4, 0;
    %assign/vec4/off/d v0x6092d202e780_0, 4, 5;
    %jmp T_2.55;
T_2.54 ;
    %load/vec4 v0x6092d202f230_0;
    %parti/s 4, 4, 4;
    %load/vec4 v0x6092d202e780_0;
    %parti/s 4, 2, 3;
    %cmp/e;
    %jmp/0xz  T_2.56, 4;
    %pushi/vec4 4, 0, 4;
    %assign/vec4 v0x6092d202eef0_0, 0;
    %load/vec4 v0x6092d202f230_0;
    %parti/s 4, 4, 4;
    %ix/load 4, 4, 0;
    %ix/load 5, 0, 0;
    %flag_set/imm 4, 0;
    %assign/vec4/off/d v0x6092d202e780_0, 4, 5;
    %pushi/vec4 0, 0, 2;
    %ix/load 4, 2, 0;
    %ix/load 5, 0, 0;
    %flag_set/imm 4, 0;
    %assign/vec4/off/d v0x6092d202e780_0, 4, 5;
    %jmp T_2.57;
T_2.56 ;
    %load/vec4 v0x6092d202f230_0;
    %parti/s 3, 5, 4;
    %load/vec4 v0x6092d202e780_0;
    %parti/s 3, 2, 3;
    %cmp/e;
    %jmp/0xz  T_2.58, 4;
    %pushi/vec4 3, 0, 4;
    %assign/vec4 v0x6092d202eef0_0, 0;
    %load/vec4 v0x6092d202f230_0;
    %parti/s 3, 5, 4;
    %ix/load 4, 5, 0;
    %ix/load 5, 0, 0;
    %flag_set/imm 4, 0;
    %assign/vec4/off/d v0x6092d202e780_0, 4, 5;
    %pushi/vec4 0, 0, 3;
    %ix/load 4, 2, 0;
    %ix/load 5, 0, 0;
    %flag_set/imm 4, 0;
    %assign/vec4/off/d v0x6092d202e780_0, 4, 5;
    %jmp T_2.59;
T_2.58 ;
    %load/vec4 v0x6092d202f230_0;
    %parti/s 2, 6, 4;
    %load/vec4 v0x6092d202e780_0;
    %parti/s 2, 2, 3;
    %cmp/e;
    %jmp/0xz  T_2.60, 4;
    %pushi/vec4 2, 0, 4;
    %assign/vec4 v0x6092d202eef0_0, 0;
    %load/vec4 v0x6092d202f230_0;
    %parti/s 2, 6, 4;
    %ix/load 4, 6, 0;
    %ix/load 5, 0, 0;
    %flag_set/imm 4, 0;
    %assign/vec4/off/d v0x6092d202e780_0, 4, 5;
    %pushi/vec4 0, 0, 4;
    %ix/load 4, 2, 0;
    %ix/load 5, 0, 0;
    %flag_set/imm 4, 0;
    %assign/vec4/off/d v0x6092d202e780_0, 4, 5;
    %jmp T_2.61;
T_2.60 ;
    %load/vec4 v0x6092d202f230_0;
    %parti/s 1, 7, 4;
    %load/vec4 v0x6092d202e780_0;
    %parti/s 1, 2, 3;
    %cmp/e;
    %jmp/0xz  T_2.62, 4;
    %pushi/vec4 1, 0, 4;
    %assign/vec4 v0x6092d202eef0_0, 0;
    %load/vec4 v0x6092d202f230_0;
    %parti/s 1, 7, 4;
    %ix/load 4, 7, 0;
    %ix/load 5, 0, 0;
    %flag_set/imm 4, 0;
    %assign/vec4/off/d v0x6092d202e780_0, 4, 5;
    %pushi/vec4 0, 0, 5;
    %ix/load 4, 2, 0;
    %ix/load 5, 0, 0;
    %flag_set/imm 4, 0;
    %assign/vec4/off/d v0x6092d202e780_0, 4, 5;
    %jmp T_2.63;
T_2.62 ;
    %pushi/vec4 0, 0, 4;
    %assign/vec4 v0x6092d202eef0_0, 0;
    %pushi/vec4 0, 0, 8;
    %assign/vec4 v0x6092d202e780_0, 0;
T_2.63 ;
T_2.61 ;
T_2.59 ;
T_2.57 ;
T_2.55 ;
    %jmp T_2.33;
T_2.31 ;
    %load/vec4 v0x6092d202f230_0;
    %parti/s 6, 2, 3;
    %load/vec4 v0x6092d202e780_0;
    %parti/s 6, 1, 2;
    %cmp/e;
    %jmp/0xz  T_2.64, 4;
    %pushi/vec4 6, 0, 4;
    %assign/vec4 v0x6092d202eef0_0, 0;
    %load/vec4 v0x6092d202f230_0;
    %parti/s 6, 2, 3;
    %ix/load 4, 2, 0;
    %ix/load 5, 0, 0;
    %flag_set/imm 4, 0;
    %assign/vec4/off/d v0x6092d202e780_0, 4, 5;
    %pushi/vec4 0, 0, 1;
    %ix/load 4, 1, 0;
    %ix/load 5, 0, 0;
    %flag_set/imm 4, 0;
    %assign/vec4/off/d v0x6092d202e780_0, 4, 5;
    %jmp T_2.65;
T_2.64 ;
    %load/vec4 v0x6092d202f230_0;
    %parti/s 5, 3, 3;
    %load/vec4 v0x6092d202e780_0;
    %parti/s 5, 1, 2;
    %cmp/e;
    %jmp/0xz  T_2.66, 4;
    %pushi/vec4 5, 0, 4;
    %assign/vec4 v0x6092d202eef0_0, 0;
    %load/vec4 v0x6092d202f230_0;
    %parti/s 5, 3, 3;
    %ix/load 4, 3, 0;
    %ix/load 5, 0, 0;
    %flag_set/imm 4, 0;
    %assign/vec4/off/d v0x6092d202e780_0, 4, 5;
    %pushi/vec4 0, 0, 2;
    %ix/load 4, 1, 0;
    %ix/load 5, 0, 0;
    %flag_set/imm 4, 0;
    %assign/vec4/off/d v0x6092d202e780_0, 4, 5;
    %jmp T_2.67;
T_2.66 ;
    %load/vec4 v0x6092d202f230_0;
    %parti/s 4, 4, 4;
    %load/vec4 v0x6092d202e780_0;
    %parti/s 4, 1, 2;
    %cmp/e;
    %jmp/0xz  T_2.68, 4;
    %pushi/vec4 4, 0, 4;
    %assign/vec4 v0x6092d202eef0_0, 0;
    %load/vec4 v0x6092d202f230_0;
    %parti/s 4, 4, 4;
    %ix/load 4, 4, 0;
    %ix/load 5, 0, 0;
    %flag_set/imm 4, 0;
    %assign/vec4/off/d v0x6092d202e780_0, 4, 5;
    %pushi/vec4 0, 0, 3;
    %ix/load 4, 1, 0;
    %ix/load 5, 0, 0;
    %flag_set/imm 4, 0;
    %assign/vec4/off/d v0x6092d202e780_0, 4, 5;
    %jmp T_2.69;
T_2.68 ;
    %load/vec4 v0x6092d202f230_0;
    %parti/s 3, 5, 4;
    %load/vec4 v0x6092d202e780_0;
    %parti/s 3, 1, 2;
    %cmp/e;
    %jmp/0xz  T_2.70, 4;
    %pushi/vec4 3, 0, 4;
    %assign/vec4 v0x6092d202eef0_0, 0;
    %load/vec4 v0x6092d202f230_0;
    %parti/s 3, 5, 4;
    %ix/load 4, 5, 0;
    %ix/load 5, 0, 0;
    %flag_set/imm 4, 0;
    %assign/vec4/off/d v0x6092d202e780_0, 4, 5;
    %pushi/vec4 0, 0, 4;
    %ix/load 4, 1, 0;
    %ix/load 5, 0, 0;
    %flag_set/imm 4, 0;
    %assign/vec4/off/d v0x6092d202e780_0, 4, 5;
    %jmp T_2.71;
T_2.70 ;
    %load/vec4 v0x6092d202f230_0;
    %parti/s 2, 6, 4;
    %load/vec4 v0x6092d202e780_0;
    %parti/s 2, 1, 2;
    %cmp/e;
    %jmp/0xz  T_2.72, 4;
    %pushi/vec4 2, 0, 4;
    %assign/vec4 v0x6092d202eef0_0, 0;
    %load/vec4 v0x6092d202f230_0;
    %parti/s 2, 6, 4;
    %ix/load 4, 6, 0;
    %ix/load 5, 0, 0;
    %flag_set/imm 4, 0;
    %assign/vec4/off/d v0x6092d202e780_0, 4, 5;
    %pushi/vec4 0, 0, 5;
    %ix/load 4, 1, 0;
    %ix/load 5, 0, 0;
    %flag_set/imm 4, 0;
    %assign/vec4/off/d v0x6092d202e780_0, 4, 5;
    %jmp T_2.73;
T_2.72 ;
    %load/vec4 v0x6092d202f230_0;
    %parti/s 1, 7, 4;
    %load/vec4 v0x6092d202e780_0;
    %parti/s 1, 1, 2;
    %cmp/e;
    %jmp/0xz  T_2.74, 4;
    %pushi/vec4 1, 0, 4;
    %assign/vec4 v0x6092d202eef0_0, 0;
    %load/vec4 v0x6092d202f230_0;
    %parti/s 1, 7, 4;
    %ix/load 4, 7, 0;
    %ix/load 5, 0, 0;
    %flag_set/imm 4, 0;
    %assign/vec4/off/d v0x6092d202e780_0, 4, 5;
    %pushi/vec4 0, 0, 6;
    %ix/load 4, 1, 0;
    %ix/load 5, 0, 0;
    %flag_set/imm 4, 0;
    %assign/vec4/off/d v0x6092d202e780_0, 4, 5;
    %jmp T_2.75;
T_2.74 ;
    %pushi/vec4 0, 0, 4;
    %assign/vec4 v0x6092d202eef0_0, 0;
    %pushi/vec4 0, 0, 8;
    %assign/vec4 v0x6092d202e780_0, 0;
T_2.75 ;
T_2.73 ;
T_2.71 ;
T_2.69 ;
T_2.67 ;
T_2.65 ;
    %jmp T_2.33;
T_2.32 ;
    %load/vec4 v0x6092d202f230_0;
    %parti/s 7, 1, 2;
    %load/vec4 v0x6092d202e780_0;
    %parti/s 7, 0, 2;
    %cmp/e;
    %jmp/0xz  T_2.76, 4;
    %pushi/vec4 7, 0, 4;
    %assign/vec4 v0x6092d202eef0_0, 0;
    %load/vec4 v0x6092d202f230_0;
    %parti/s 7, 1, 2;
    %ix/load 4, 1, 0;
    %ix/load 5, 0, 0;
    %flag_set/imm 4, 0;
    %assign/vec4/off/d v0x6092d202e780_0, 4, 5;
    %pushi/vec4 0, 0, 1;
    %ix/load 4, 0, 0;
    %ix/load 5, 0, 0;
    %flag_set/imm 4, 0;
    %assign/vec4/off/d v0x6092d202e780_0, 4, 5;
    %jmp T_2.77;
T_2.76 ;
    %load/vec4 v0x6092d202f230_0;
    %parti/s 6, 2, 3;
    %load/vec4 v0x6092d202e780_0;
    %parti/s 6, 0, 2;
    %cmp/e;
    %jmp/0xz  T_2.78, 4;
    %pushi/vec4 6, 0, 4;
    %assign/vec4 v0x6092d202eef0_0, 0;
    %load/vec4 v0x6092d202f230_0;
    %parti/s 6, 2, 3;
    %ix/load 4, 2, 0;
    %ix/load 5, 0, 0;
    %flag_set/imm 4, 0;
    %assign/vec4/off/d v0x6092d202e780_0, 4, 5;
    %pushi/vec4 0, 0, 2;
    %ix/load 4, 0, 0;
    %ix/load 5, 0, 0;
    %flag_set/imm 4, 0;
    %assign/vec4/off/d v0x6092d202e780_0, 4, 5;
    %jmp T_2.79;
T_2.78 ;
    %load/vec4 v0x6092d202f230_0;
    %parti/s 5, 3, 3;
    %load/vec4 v0x6092d202e780_0;
    %parti/s 5, 0, 2;
    %cmp/e;
    %jmp/0xz  T_2.80, 4;
    %pushi/vec4 5, 0, 4;
    %assign/vec4 v0x6092d202eef0_0, 0;
    %load/vec4 v0x6092d202f230_0;
    %parti/s 5, 3, 3;
    %ix/load 4, 3, 0;
    %ix/load 5, 0, 0;
    %flag_set/imm 4, 0;
    %assign/vec4/off/d v0x6092d202e780_0, 4, 5;
    %pushi/vec4 0, 0, 3;
    %ix/load 4, 0, 0;
    %ix/load 5, 0, 0;
    %flag_set/imm 4, 0;
    %assign/vec4/off/d v0x6092d202e780_0, 4, 5;
    %jmp T_2.81;
T_2.80 ;
    %load/vec4 v0x6092d202f230_0;
    %parti/s 4, 4, 4;
    %load/vec4 v0x6092d202e780_0;
    %parti/s 4, 0, 2;
    %cmp/e;
    %jmp/0xz  T_2.82, 4;
    %pushi/vec4 4, 0, 4;
    %assign/vec4 v0x6092d202eef0_0, 0;
    %load/vec4 v0x6092d202f230_0;
    %parti/s 4, 4, 4;
    %ix/load 4, 4, 0;
    %ix/load 5, 0, 0;
    %flag_set/imm 4, 0;
    %assign/vec4/off/d v0x6092d202e780_0, 4, 5;
    %pushi/vec4 0, 0, 4;
    %ix/load 4, 0, 0;
    %ix/load 5, 0, 0;
    %flag_set/imm 4, 0;
    %assign/vec4/off/d v0x6092d202e780_0, 4, 5;
    %jmp T_2.83;
T_2.82 ;
    %load/vec4 v0x6092d202f230_0;
    %parti/s 3, 5, 4;
    %load/vec4 v0x6092d202e780_0;
    %parti/s 3, 0, 2;
    %cmp/e;
    %jmp/0xz  T_2.84, 4;
    %pushi/vec4 3, 0, 4;
    %assign/vec4 v0x6092d202eef0_0, 0;
    %load/vec4 v0x6092d202f230_0;
    %parti/s 3, 5, 4;
    %ix/load 4, 5, 0;
    %ix/load 5, 0, 0;
    %flag_set/imm 4, 0;
    %assign/vec4/off/d v0x6092d202e780_0, 4, 5;
    %pushi/vec4 0, 0, 5;
    %ix/load 4, 0, 0;
    %ix/load 5, 0, 0;
    %flag_set/imm 4, 0;
    %assign/vec4/off/d v0x6092d202e780_0, 4, 5;
    %jmp T_2.85;
T_2.84 ;
    %load/vec4 v0x6092d202f230_0;
    %parti/s 2, 6, 4;
    %load/vec4 v0x6092d202e780_0;
    %parti/s 2, 0, 2;
    %cmp/e;
    %jmp/0xz  T_2.86, 4;
    %pushi/vec4 2, 0, 4;
    %assign/vec4 v0x6092d202eef0_0, 0;
    %load/vec4 v0x6092d202f230_0;
    %parti/s 2, 6, 4;
    %ix/load 4, 6, 0;
    %ix/load 5, 0, 0;
    %flag_set/imm 4, 0;
    %assign/vec4/off/d v0x6092d202e780_0, 4, 5;
    %pushi/vec4 0, 0, 6;
    %ix/load 4, 0, 0;
    %ix/load 5, 0, 0;
    %flag_set/imm 4, 0;
    %assign/vec4/off/d v0x6092d202e780_0, 4, 5;
    %jmp T_2.87;
T_2.86 ;
    %load/vec4 v0x6092d202f230_0;
    %parti/s 1, 7, 4;
    %load/vec4 v0x6092d202e780_0;
    %parti/s 1, 0, 2;
    %cmp/e;
    %jmp/0xz  T_2.88, 4;
    %pushi/vec4 1, 0, 4;
    %assign/vec4 v0x6092d202eef0_0, 0;
    %load/vec4 v0x6092d202f230_0;
    %parti/s 1, 7, 4;
    %ix/load 4, 7, 0;
    %ix/load 5, 0, 0;
    %flag_set/imm 4, 0;
    %assign/vec4/off/d v0x6092d202e780_0, 4, 5;
    %pushi/vec4 0, 0, 7;
    %ix/load 4, 0, 0;
    %ix/load 5, 0, 0;
    %flag_set/imm 4, 0;
    %assign/vec4/off/d v0x6092d202e780_0, 4, 5;
    %jmp T_2.89;
T_2.88 ;
    %pushi/vec4 0, 0, 4;
    %assign/vec4 v0x6092d202eef0_0, 0;
    %pushi/vec4 0, 0, 8;
    %assign/vec4 v0x6092d202e780_0, 0;
T_2.89 ;
T_2.87 ;
T_2.85 ;
T_2.83 ;
T_2.81 ;
T_2.79 ;
T_2.77 ;
    %jmp T_2.33;
T_2.33 ;
    %pop/vec4 1;
    %pushi/vec4 2, 0, 3;
    %assign/vec4 v0x6092d202f310_0, 0;
    %jmp T_2.8;
T_2.7 ;
    %pushi/vec4 0, 0, 1;
    %assign/vec4 v0x6092d202ebf0_0, 0;
    %pushi/vec4 0, 0, 1;
    %assign/vec4 v0x6092d202ee30_0, 0;
    %pushi/vec4 1, 0, 1;
    %assign/vec4 v0x6092d202eb30_0, 0;
    %pushi/vec4 1, 0, 1;
    %assign/vec4 v0x6092d202ed70_0, 0;
    %pushi/vec4 0, 0, 1;
    %assign/vec4 v0x6092d202ea70_0, 0;
    %pushi/vec4 0, 0, 1;
    %assign/vec4 v0x6092d202ecb0_0, 0;
    %jmp T_2.8;
T_2.8 ;
    %pop/vec4 1;
    %jmp T_2;
    .thread T_2;
    .scope S_0x6092d1fbc110;
T_3 ;
    %pushi/vec4 0, 0, 1;
    %store/vec4 v0x6092d2030070_0, 0, 1;
    %end;
    .thread T_3;
    .scope S_0x6092d1fbc110;
T_4 ;
    %delay 5000, 0;
    %load/vec4 v0x6092d2030070_0;
    %inv;
    %store/vec4 v0x6092d2030070_0, 0, 1;
    %jmp T_4;
    .thread T_4;
    .scope S_0x6092d1fbc110;
T_5 ;
    %pushi/vec4 0, 0, 2;
    %store/vec4 v0x6092d202ffa0_0, 0, 2;
    %pushi/vec4 3, 0, 2;
    %store/vec4 v0x6092d202f8d0_0, 0, 2;
    %delay 10000, 0;
    %vpi_call 2 53 "$display", "entering SECRET sequence" {0 0 0};
    %pushi/vec4 0, 0, 1;
    %store/vec4 v0x6092d1fcc940_0, 0, 1;
    %fork TD_new_top_tb.press_bit, S_0x6092d1ffadc0;
    %join;
    %pushi/vec4 1, 0, 1;
    %store/vec4 v0x6092d1fcc940_0, 0, 1;
    %fork TD_new_top_tb.press_bit, S_0x6092d1ffadc0;
    %join;
    %pushi/vec4 1, 0, 1;
    %store/vec4 v0x6092d1fcc940_0, 0, 1;
    %fork TD_new_top_tb.press_bit, S_0x6092d1ffadc0;
    %join;
    %pushi/vec4 0, 0, 1;
    %store/vec4 v0x6092d1fcc940_0, 0, 1;
    %fork TD_new_top_tb.press_bit, S_0x6092d1ffadc0;
    %join;
    %pushi/vec4 0, 0, 1;
    %store/vec4 v0x6092d1fcc940_0, 0, 1;
    %fork TD_new_top_tb.press_bit, S_0x6092d1ffadc0;
    %join;
    %pushi/vec4 1, 0, 1;
    %store/vec4 v0x6092d1fcc940_0, 0, 1;
    %fork TD_new_top_tb.press_bit, S_0x6092d1ffadc0;
    %join;
    %pushi/vec4 0, 0, 1;
    %store/vec4 v0x6092d1fcc940_0, 0, 1;
    %fork TD_new_top_tb.press_bit, S_0x6092d1ffadc0;
    %join;
    %pushi/vec4 0, 0, 1;
    %store/vec4 v0x6092d1fcc940_0, 0, 1;
    %fork TD_new_top_tb.press_bit, S_0x6092d1ffadc0;
    %join;
    %vpi_call 2 64 "$display", "entering GUESS sequence" {0 0 0};
    %pushi/vec4 0, 0, 1;
    %store/vec4 v0x6092d1fcc940_0, 0, 1;
    %fork TD_new_top_tb.press_bit, S_0x6092d1ffadc0;
    %join;
    %pushi/vec4 1, 0, 1;
    %store/vec4 v0x6092d1fcc940_0, 0, 1;
    %fork TD_new_top_tb.press_bit, S_0x6092d1ffadc0;
    %join;
    %pushi/vec4 1, 0, 1;
    %store/vec4 v0x6092d1fcc940_0, 0, 1;
    %fork TD_new_top_tb.press_bit, S_0x6092d1ffadc0;
    %join;
    %pushi/vec4 0, 0, 1;
    %store/vec4 v0x6092d1fcc940_0, 0, 1;
    %fork TD_new_top_tb.press_bit, S_0x6092d1ffadc0;
    %join;
    %pushi/vec4 0, 0, 1;
    %store/vec4 v0x6092d1fcc940_0, 0, 1;
    %fork TD_new_top_tb.press_bit, S_0x6092d1ffadc0;
    %join;
    %pushi/vec4 1, 0, 1;
    %store/vec4 v0x6092d1fcc940_0, 0, 1;
    %fork TD_new_top_tb.press_bit, S_0x6092d1ffadc0;
    %join;
    %pushi/vec4 0, 0, 1;
    %store/vec4 v0x6092d1fcc940_0, 0, 1;
    %fork TD_new_top_tb.press_bit, S_0x6092d1ffadc0;
    %join;
    %pushi/vec4 1, 0, 1;
    %store/vec4 v0x6092d1fcc940_0, 0, 1;
    %fork TD_new_top_tb.press_bit, S_0x6092d1ffadc0;
    %join;
    %pushi/vec4 1, 0, 1;
    %store/vec4 v0x6092d1fcc940_0, 0, 1;
    %fork TD_new_top_tb.press_bit, S_0x6092d1ffadc0;
    %join;
    %pushi/vec4 1, 0, 1;
    %store/vec4 v0x6092d1fcc940_0, 0, 1;
    %fork TD_new_top_tb.press_bit, S_0x6092d1ffadc0;
    %join;
    %pushi/vec4 1, 0, 1;
    %store/vec4 v0x6092d1fcc940_0, 0, 1;
    %fork TD_new_top_tb.press_bit, S_0x6092d1ffadc0;
    %join;
    %pushi/vec4 0, 0, 1;
    %store/vec4 v0x6092d1fcc940_0, 0, 1;
    %fork TD_new_top_tb.press_bit, S_0x6092d1ffadc0;
    %join;
    %pushi/vec4 0, 0, 1;
    %store/vec4 v0x6092d1fcc940_0, 0, 1;
    %fork TD_new_top_tb.press_bit, S_0x6092d1ffadc0;
    %join;
    %pushi/vec4 1, 0, 1;
    %store/vec4 v0x6092d1fcc940_0, 0, 1;
    %fork TD_new_top_tb.press_bit, S_0x6092d1ffadc0;
    %join;
    %delay 2000000, 0;
    %vpi_call 2 83 "$finish" {0 0 0};
    %end;
    .thread T_5;
# The file index is used to find the file name in the following table.
:file_names 4;
    "N/A";
    "<interactive>";
    "./task4/task4.srcs/sim_1/new/testbench.v";
    "./task4/task4.srcs/sources_1/new/new.v";
