
*** Running vivado
    with args -log MainDesign_wrapper.vds -m64 -product Vivado -mode batch -messageDb vivado.pb -notrace -source MainDesign_wrapper.tcl



****** Vivado v2024.2 (64-bit)
  **** SW Build 5239630 on Fri Nov 08 22:35:27 MST 2024
  **** IP Build 5239520 on Sun Nov 10 16:12:51 MST 2024
  **** SharedData Build 5239561 on Fri Nov 08 14:39:27 MST 2024
  **** Start of session at: Wed Jun  4 15:57:43 2025
    ** Copyright 1986-2022 Xilinx, Inc. All Rights Reserved.
    ** Copyright 2022-2024 Advanced Micro Devices, Inc. All Rights Reserved.

source MainDesign_wrapper.tcl -notrace
INFO: [IP_Flow 19-234] Refreshing IP repositories
INFO: [IP_Flow 19-1704] No user IP repositories specified
INFO: [IP_Flow 19-2313] Loaded Vivado IP repository 'C:/Xilinx/Vivado/2024.2/data/ip'.
Command: read_checkpoint -auto_incremental -incremental C:/Users/Jenny2/Documents/02Semester/FPGA_lab/task2/task2.srcs/utils_1/imports/synth_1/MainDesign_wrapper.dcp
INFO: [Vivado 12-5825] Read reference checkpoint from C:/Users/Jenny2/Documents/02Semester/FPGA_lab/task2/task2.srcs/utils_1/imports/synth_1/MainDesign_wrapper.dcp for incremental synthesis
INFO: [Vivado 12-7989] Please ensure there are no constraint changes
Command: synth_design -top MainDesign_wrapper -part xc7z020clg400-1
Starting synth_design
Attempting to get a license for feature 'Synthesis' and/or device 'xc7z020'
INFO: [Common 17-349] Got license for feature 'Synthesis' and/or device 'xc7z020'
INFO: [Device 21-403] Loading part xc7z020clg400-1
INFO: [Designutils 20-5440] No compile time benefit to using incremental synthesis; A full resynthesis will be run
INFO: [Designutils 20-4379] Flow is switching to default flow due to incremental criteria not met. If you would like to alter this behaviour and have the flow terminate instead, please set the following parameter config_implementation {autoIncr.Synth.RejectBehavior Terminate}
INFO: [Synth 8-7079] Multithreading enabled for synth_design using a maximum of 2 processes.
INFO: [Synth 8-7078] Launching helper process for spawning children vivado processes
INFO: [Synth 8-7075] Helper process launched with PID 23920
---------------------------------------------------------------------------------
Starting RTL Elaboration : Time (s): cpu = 00:00:11 ; elapsed = 01:07:16 . Memory (MB): peak = 1085.805 ; gain = 469.406
---------------------------------------------------------------------------------
INFO: [Synth 8-6157] synthesizing module 'MainDesign_wrapper' [C:/Users/Jenny2/Documents/02Semester/FPGA_lab/task2/task2.gen/sources_1/bd/MainDesign/hdl/MainDesign_wrapper.v:13]
INFO: [Synth 8-6157] synthesizing module 'MainDesign' [c:/Users/Jenny2/Documents/02Semester/FPGA_lab/task2/task2.gen/sources_1/bd/MainDesign/synth/MainDesign.v:13]
INFO: [Synth 8-6157] synthesizing module 'MainDesign_BasicLEDController_0_0' [C:/Users/Jenny2/Documents/02Semester/FPGA_lab/task2/task2.runs/synth_1/.Xil/Vivado-25040-Jenny/realtime/MainDesign_BasicLEDController_0_0_stub.v:6]
INFO: [Synth 8-6155] done synthesizing module 'MainDesign_BasicLEDController_0_0' (0#1) [C:/Users/Jenny2/Documents/02Semester/FPGA_lab/task2/task2.runs/synth_1/.Xil/Vivado-25040-Jenny/realtime/MainDesign_BasicLEDController_0_0_stub.v:6]
INFO: [Synth 8-6155] done synthesizing module 'MainDesign' (0#1) [c:/Users/Jenny2/Documents/02Semester/FPGA_lab/task2/task2.gen/sources_1/bd/MainDesign/synth/MainDesign.v:13]
INFO: [Synth 8-6155] done synthesizing module 'MainDesign_wrapper' (0#1) [C:/Users/Jenny2/Documents/02Semester/FPGA_lab/task2/task2.gen/sources_1/bd/MainDesign/hdl/MainDesign_wrapper.v:13]
---------------------------------------------------------------------------------
Finished RTL Elaboration : Time (s): cpu = 00:00:13 ; elapsed = 01:07:18 . Memory (MB): peak = 1189.578 ; gain = 573.180
---------------------------------------------------------------------------------
---------------------------------------------------------------------------------
Start Handling Custom Attributes
---------------------------------------------------------------------------------
---------------------------------------------------------------------------------
Finished Handling Custom Attributes : Time (s): cpu = 00:00:13 ; elapsed = 01:07:19 . Memory (MB): peak = 1189.578 ; gain = 573.180
---------------------------------------------------------------------------------
---------------------------------------------------------------------------------
Finished RTL Optimization Phase 1 : Time (s): cpu = 00:00:13 ; elapsed = 01:07:19 . Memory (MB): peak = 1189.578 ; gain = 573.180
---------------------------------------------------------------------------------
Netlist sorting complete. Time (s): cpu = 00:00:00 ; elapsed = 00:00:00 . Memory (MB): peak = 1189.578 ; gain = 0.000
INFO: [Project 1-570] Preparing netlist for logic optimization

Processing XDC Constraints
Initializing timing engine
Parsing XDC File [c:/Users/Jenny2/Documents/02Semester/FPGA_lab/task2/task2.gen/sources_1/bd/MainDesign/ip/MainDesign_BasicLEDController_0_0/MainDesign_BasicLEDController_0_0/MainDesign_BasicLEDController_0_0_in_context.xdc] for cell 'MainDesign_i/BasicLEDController_0'
Finished Parsing XDC File [c:/Users/Jenny2/Documents/02Semester/FPGA_lab/task2/task2.gen/sources_1/bd/MainDesign/ip/MainDesign_BasicLEDController_0_0/MainDesign_BasicLEDController_0_0/MainDesign_BasicLEDController_0_0_in_context.xdc] for cell 'MainDesign_i/BasicLEDController_0'
Parsing XDC File [C:/Users/Jenny2/Documents/02Semester/FPGA_lab/task2/task2.srcs/constrs_1/imports/sources/PYNQ-Z2 v1.0.xdc]
WARNING: [Vivado 12-584] No ports matched 'led[0]'. [C:/Users/Jenny2/Documents/02Semester/FPGA_lab/task2/task2.srcs/constrs_1/imports/sources/PYNQ-Z2 v1.0.xdc:28]
WARNING: [Vivado 12-584] No ports matched 'led[1]'. [C:/Users/Jenny2/Documents/02Semester/FPGA_lab/task2/task2.srcs/constrs_1/imports/sources/PYNQ-Z2 v1.0.xdc:29]
WARNING: [Vivado 12-584] No ports matched 'led[2]'. [C:/Users/Jenny2/Documents/02Semester/FPGA_lab/task2/task2.srcs/constrs_1/imports/sources/PYNQ-Z2 v1.0.xdc:30]
WARNING: [Vivado 12-584] No ports matched 'led[3]'. [C:/Users/Jenny2/Documents/02Semester/FPGA_lab/task2/task2.srcs/constrs_1/imports/sources/PYNQ-Z2 v1.0.xdc:31]
Finished Parsing XDC File [C:/Users/Jenny2/Documents/02Semester/FPGA_lab/task2/task2.srcs/constrs_1/imports/sources/PYNQ-Z2 v1.0.xdc]
WARNING: [Project 1-498] One or more constraints failed evaluation while reading constraint file [C:/Users/Jenny2/Documents/02Semester/FPGA_lab/task2/task2.srcs/constrs_1/imports/sources/PYNQ-Z2 v1.0.xdc] and the design contains unresolved black boxes. These constraints will be read post-synthesis (as long as their source constraint file is marked as used_in_implementation) and should be applied correctly then. You should review the constraints listed in the file [.Xil/MainDesign_wrapper_propImpl.xdc] and check the run log file to verify that these constraints were correctly applied.
INFO: [Project 1-236] Implementation specific constraints were found while reading constraint file [C:/Users/Jenny2/Documents/02Semester/FPGA_lab/task2/task2.srcs/constrs_1/imports/sources/PYNQ-Z2 v1.0.xdc]. These constraints will be ignored for synthesis but will be used in implementation. Impacted constraints are listed in the file [.Xil/MainDesign_wrapper_propImpl.xdc].
Resolution: To avoid this warning, move constraints listed in [.Xil/MainDesign_wrapper_propImpl.xdc] to another XDC file and exclude this new file from synthesis with the used_in_synthesis property (File Properties dialog in GUI) and re-run elaboration/synthesis.
Parsing XDC File [C:/Users/Jenny2/Documents/02Semester/FPGA_lab/task2/task2.runs/synth_1/dont_touch.xdc]
Finished Parsing XDC File [C:/Users/Jenny2/Documents/02Semester/FPGA_lab/task2/task2.runs/synth_1/dont_touch.xdc]
Completed Processing XDC Constraints

Netlist sorting complete. Time (s): cpu = 00:00:00 ; elapsed = 00:00:00.001 . Memory (MB): peak = 1190.359 ; gain = 0.000
INFO: [Project 1-111] Unisim Transformation Summary:
No Unisim elements were transformed.

Constraint Validation Runtime : Time (s): cpu = 00:00:00 ; elapsed = 00:00:00.006 . Memory (MB): peak = 1190.359 ; gain = 0.000
INFO: [Designutils 20-5440] No compile time benefit to using incremental synthesis; A full resynthesis will be run
INFO: [Designutils 20-4379] Flow is switching to default flow due to incremental criteria not met. If you would like to alter this behaviour and have the flow terminate instead, please set the following parameter config_implementation {autoIncr.Synth.RejectBehavior Terminate}
---------------------------------------------------------------------------------
Finished Constraint Validation : Time (s): cpu = 00:00:30 ; elapsed = 01:07:37 . Memory (MB): peak = 1190.359 ; gain = 573.961
---------------------------------------------------------------------------------
---------------------------------------------------------------------------------
Start Loading Part and Timing Information
---------------------------------------------------------------------------------
Loading part: xc7z020clg400-1
---------------------------------------------------------------------------------
Finished Loading Part and Timing Information : Time (s): cpu = 00:00:30 ; elapsed = 01:07:37 . Memory (MB): peak = 1190.359 ; gain = 573.961
---------------------------------------------------------------------------------
---------------------------------------------------------------------------------
Start Applying 'set_property' XDC Constraints
---------------------------------------------------------------------------------
Applied set_property KEEP_HIERARCHY = SOFT for MainDesign_i. (constraint file  auto generated constraint).
Applied set_property KEEP_HIERARCHY = SOFT for MainDesign_i/BasicLEDController_0. (constraint file  auto generated constraint).
---------------------------------------------------------------------------------
Finished applying 'set_property' XDC Constraints : Time (s): cpu = 00:00:30 ; elapsed = 01:07:37 . Memory (MB): peak = 1190.359 ; gain = 573.961
---------------------------------------------------------------------------------
---------------------------------------------------------------------------------
Finished RTL Optimization Phase 2 : Time (s): cpu = 00:00:30 ; elapsed = 01:07:37 . Memory (MB): peak = 1190.359 ; gain = 573.961
---------------------------------------------------------------------------------
---------------------------------------------------------------------------------
Start RTL Component Statistics 
---------------------------------------------------------------------------------
Detailed RTL Component Info : 
---------------------------------------------------------------------------------
Finished RTL Component Statistics 
---------------------------------------------------------------------------------
---------------------------------------------------------------------------------
Start Part Resource Summary
---------------------------------------------------------------------------------
Part Resources:
DSPs: 220 (col length:60)
BRAMs: 280 (col length: RAMB18 60 RAMB36 30)
---------------------------------------------------------------------------------
Finished Part Resource Summary
---------------------------------------------------------------------------------
---------------------------------------------------------------------------------
Start Cross Boundary and Area Optimization
---------------------------------------------------------------------------------
WARNING: [Synth 8-7080] Parallel synthesis criteria is not met
---------------------------------------------------------------------------------
Finished Cross Boundary and Area Optimization : Time (s): cpu = 00:00:35 ; elapsed = 01:07:42 . Memory (MB): peak = 1190.660 ; gain = 574.262
---------------------------------------------------------------------------------
---------------------------------------------------------------------------------
Start Applying XDC Timing Constraints
---------------------------------------------------------------------------------
---------------------------------------------------------------------------------
Finished Applying XDC Timing Constraints : Time (s): cpu = 00:00:45 ; elapsed = 01:07:53 . Memory (MB): peak = 1364.828 ; gain = 748.430
---------------------------------------------------------------------------------
---------------------------------------------------------------------------------
Start Timing Optimization
---------------------------------------------------------------------------------
---------------------------------------------------------------------------------
Finished Timing Optimization : Time (s): cpu = 00:00:45 ; elapsed = 01:07:53 . Memory (MB): peak = 1364.828 ; gain = 748.430
---------------------------------------------------------------------------------
---------------------------------------------------------------------------------
Start Technology Mapping
---------------------------------------------------------------------------------
---------------------------------------------------------------------------------
Finished Technology Mapping : Time (s): cpu = 00:00:45 ; elapsed = 01:07:53 . Memory (MB): peak = 1374.406 ; gain = 758.008
---------------------------------------------------------------------------------
---------------------------------------------------------------------------------
Start IO Insertion
---------------------------------------------------------------------------------
---------------------------------------------------------------------------------
Start Flattening Before IO Insertion
---------------------------------------------------------------------------------
---------------------------------------------------------------------------------
Finished Flattening Before IO Insertion
---------------------------------------------------------------------------------
---------------------------------------------------------------------------------
Start Final Netlist Cleanup
---------------------------------------------------------------------------------
---------------------------------------------------------------------------------
Finished Final Netlist Cleanup
---------------------------------------------------------------------------------
---------------------------------------------------------------------------------
Finished IO Insertion : Time (s): cpu = 00:00:53 ; elapsed = 01:08:01 . Memory (MB): peak = 1590.883 ; gain = 974.484
---------------------------------------------------------------------------------
---------------------------------------------------------------------------------
Start Renaming Generated Instances
---------------------------------------------------------------------------------
---------------------------------------------------------------------------------
Finished Renaming Generated Instances : Time (s): cpu = 00:00:53 ; elapsed = 01:08:01 . Memory (MB): peak = 1590.883 ; gain = 974.484
---------------------------------------------------------------------------------
---------------------------------------------------------------------------------
Start Rebuilding User Hierarchy
---------------------------------------------------------------------------------
---------------------------------------------------------------------------------
Finished Rebuilding User Hierarchy : Time (s): cpu = 00:00:53 ; elapsed = 01:08:01 . Memory (MB): peak = 1590.883 ; gain = 974.484
---------------------------------------------------------------------------------
---------------------------------------------------------------------------------
Start Renaming Generated Ports
---------------------------------------------------------------------------------
---------------------------------------------------------------------------------
Finished Renaming Generated Ports : Time (s): cpu = 00:00:53 ; elapsed = 01:08:01 . Memory (MB): peak = 1590.883 ; gain = 974.484
---------------------------------------------------------------------------------
---------------------------------------------------------------------------------
Start Handling Custom Attributes
---------------------------------------------------------------------------------
---------------------------------------------------------------------------------
Finished Handling Custom Attributes : Time (s): cpu = 00:00:53 ; elapsed = 01:08:01 . Memory (MB): peak = 1590.883 ; gain = 974.484
---------------------------------------------------------------------------------
---------------------------------------------------------------------------------
Start Renaming Generated Nets
---------------------------------------------------------------------------------
---------------------------------------------------------------------------------
Finished Renaming Generated Nets : Time (s): cpu = 00:00:53 ; elapsed = 01:08:01 . Memory (MB): peak = 1590.883 ; gain = 974.484
---------------------------------------------------------------------------------
---------------------------------------------------------------------------------
Start Writing Synthesis Report
---------------------------------------------------------------------------------

Report BlackBoxes: 
+------+----------------------------------+----------+
|      |BlackBox name                     |Instances |
+------+----------------------------------+----------+
|1     |MainDesign_BasicLEDController_0_0 |         1|
+------+----------------------------------+----------+

Report Cell Usage: 
+------+--------------------------------+------+
|      |Cell                            |Count |
+------+--------------------------------+------+
|1     |MainDesign_BasicLEDController_0 |     1|
|2     |IBUF                            |     3|
|3     |OBUF                            |     4|
+------+--------------------------------+------+
---------------------------------------------------------------------------------
Finished Writing Synthesis Report : Time (s): cpu = 00:00:53 ; elapsed = 01:08:01 . Memory (MB): peak = 1590.883 ; gain = 974.484
---------------------------------------------------------------------------------
Synthesis finished with 0 errors, 0 critical warnings and 1 warnings.
Synthesis Optimization Runtime : Time (s): cpu = 00:00:36 ; elapsed = 01:07:58 . Memory (MB): peak = 1590.883 ; gain = 973.703
Synthesis Optimization Complete : Time (s): cpu = 00:00:53 ; elapsed = 01:08:01 . Memory (MB): peak = 1590.883 ; gain = 974.484
INFO: [Project 1-571] Translating synthesized netlist
Netlist sorting complete. Time (s): cpu = 00:00:00 ; elapsed = 00:00:00 . Memory (MB): peak = 1599.957 ; gain = 0.000
INFO: [Project 1-570] Preparing netlist for logic optimization
INFO: [Opt 31-138] Pushed 0 inverter(s) to 0 load pin(s).
Netlist sorting complete. Time (s): cpu = 00:00:00 ; elapsed = 00:00:00.001 . Memory (MB): peak = 1603.652 ; gain = 0.000
INFO: [Project 1-111] Unisim Transformation Summary:
No Unisim elements were transformed.

Synth Design complete | Checksum: 29b89f18
INFO: [Common 17-83] Releasing license: Synthesis
28 Infos, 6 Warnings, 0 Critical Warnings and 0 Errors encountered.
synth_design completed successfully
synth_design: Time (s): cpu = 00:01:01 ; elapsed = 01:08:20 . Memory (MB): peak = 1603.652 ; gain = 1224.914
Write ShapeDB Complete: Time (s): cpu = 00:00:00 ; elapsed = 00:00:00.002 . Memory (MB): peak = 1603.652 ; gain = 0.000
INFO: [Common 17-1381] The checkpoint 'C:/Users/Jenny2/Documents/02Semester/FPGA_lab/task2/task2.runs/synth_1/MainDesign_wrapper.dcp' has been generated.
INFO: [Vivado 12-24828] Executing command : report_utilization -file MainDesign_wrapper_utilization_synth.rpt -pb MainDesign_wrapper_utilization_synth.pb
INFO: [Common 17-206] Exiting Vivado at Wed Jun  4 17:06:15 2025...
